     Web Content-8203    [004] d.h.  2183.964157: hda_unsol_event: [0000:00:1f.3:0] res=0x04000020, res_ex=0x00000010
     kworker/4:1-134     [004] ....  2183.964227: hda_send_cmd: [0000:00:1f.3:0] val=0x021f0900
     kworker/4:1-134     [004] ....  2183.964397: hda_get_response: [0000:00:1f.3:0] val=0x00000000
     kworker/4:1-134     [004] ....  2183.964403: hda_send_cmd: [0000:00:1f.3:0] val=0x02040c4b
     kworker/4:1-134     [004] ....  2183.964472: hda_get_response: [0000:00:1f.3:0] val=0x00000000
     kworker/4:1-134     [004] ....  2183.964493: hda_send_cmd: [0000:00:1f.3:0] val=0x02050045
     kworker/4:1-134     [004] ....  2183.964574: hda_get_response: [0000:00:1f.3:0] val=0x00000000
     kworker/4:1-134     [004] ....  2183.964593: hda_send_cmd: [0000:00:1f.3:0] val=0x0204d089
     kworker/4:1-134     [004] ....  2183.964677: hda_get_response: [0000:00:1f.3:0] val=0x00000000
     kworker/4:1-134     [004] ....  2183.964691: hda_send_cmd: [0000:00:1f.3:0] val=0x02050006
     kworker/4:1-134     [004] ....  2183.964753: hda_get_response: [0000:00:1f.3:0] val=0x00000000
     kworker/4:1-134     [004] ....  2183.964761: hda_send_cmd: [0000:00:1f.3:0] val=0x02046104
     kworker/4:1-134     [004] ....  2183.964820: hda_get_response: [0000:00:1f.3:0] val=0x00000000
     kworker/4:1-134     [004] ....  2183.964829: hda_send_cmd: [0000:00:1f.3:0] val=0x05750003
     kworker/4:1-134     [004] ....  2183.964915: hda_get_response: [0000:00:1f.3:0] val=0x00000000
     kworker/4:1-134     [004] ....  2183.964928: hda_send_cmd: [0000:00:1f.3:0] val=0x057409a3
     kworker/4:1-134     [004] ....  2183.965059: hda_get_response: [0000:00:1f.3:0] val=0x00000000
     kworker/4:1-134     [004] ....  2183.965084: hda_send_cmd: [0000:00:1f.3:0] val=0x05750005
     kworker/4:1-134     [004] ....  2183.965481: hda_get_response: [0000:00:1f.3:0] val=0x00000000
     kworker/4:1-134     [004] ....  2183.965497: hda_send_cmd: [0000:00:1f.3:0] val=0x021707c0
     kworker/4:1-134     [004] ....  2183.965585: hda_get_response: [0000:00:1f.3:0] val=0x00000000
     kworker/4:1-134     [004] ....  2183.965604: hda_send_cmd: [0000:00:1f.3:0] val=0x01a70720
     kworker/4:1-134     [004] ....  2183.965664: hda_get_response: [0000:00:1f.3:0] val=0x00000000
     kworker/4:1-134     [004] ....  2183.965676: hda_send_cmd: [0000:00:1f.3:0] val=0x021707c0
     kworker/4:1-134     [004] ....  2183.965734: hda_get_response: [0000:00:1f.3:0] val=0x00000000
     kworker/4:1-134     [004] ....  2183.965746: hda_send_cmd: [0000:00:1f.3:0] val=0x01470740
     kworker/4:1-134     [004] ....  2183.965813: hda_get_response: [0000:00:1f.3:0] val=0x00000000
 alsa-sink-ALC32-4886    [000] ....  2183.966106: hda_send_cmd: [0000:00:1f.3:0] val=0x0213a080
 alsa-sink-ALC32-4886    [000] ....  2183.966184: hda_get_response: [0000:00:1f.3:0] val=0x00000000
 alsa-sink-ALC32-4886    [000] ....  2183.966213: hda_send_cmd: [0000:00:1f.3:0] val=0x02139080
 alsa-sink-ALC32-4886    [000] ....  2183.966277: hda_get_response: [0000:00:1f.3:0] val=0x00000000
 alsa-sink-ALC32-4886    [000] ....  2183.966301: hda_send_cmd: [0000:00:1f.3:0] val=0x0033a000
 alsa-sink-ALC32-4886    [000] ....  2183.966354: hda_get_response: [0000:00:1f.3:0] val=0x00000000
 alsa-sink-ALC32-4886    [000] ....  2183.966377: hda_send_cmd: [0000:00:1f.3:0] val=0x00339000
 alsa-sink-ALC32-4886    [000] ....  2183.966442: hda_get_response: [0000:00:1f.3:0] val=0x00000000
 alsa-sink-ALC32-4886    [000] ....  2183.966476: hda_send_cmd: [0000:00:1f.3:0] val=0x0143a000
 alsa-sink-ALC32-4886    [000] ....  2183.966542: hda_get_response: [0000:00:1f.3:0] val=0x00000000
 alsa-sink-ALC32-4886    [000] ....  2183.966567: hda_send_cmd: [0000:00:1f.3:0] val=0x01439000
 alsa-sink-ALC32-4886    [000] ....  2183.966630: hda_get_response: [0000:00:1f.3:0] val=0x00000000
 alsa-sink-ALC32-4886    [000] ....  2183.966670: hda_send_cmd: [0000:00:1f.3:0] val=0x0023a03c
 alsa-sink-ALC32-4886    [000] ....  2183.966733: hda_get_response: [0000:00:1f.3:0] val=0x00000000
 alsa-sink-ALC32-4886    [000] ....  2183.966761: hda_send_cmd: [0000:00:1f.3:0] val=0x0023903c
 alsa-sink-ALC32-4886    [000] ....  2183.966835: hda_get_response: [0000:00:1f.3:0] val=0x00000000
 alsa-source-ALC-4887    [004] ....  2183.967067: hda_send_cmd: [0000:00:1f.3:0] val=0x02336180
 alsa-source-ALC-4887    [004] ....  2183.967133: hda_get_response: [0000:00:1f.3:0] val=0x00000000
 alsa-source-ALC-4887    [004] ....  2183.967142: hda_send_cmd: [0000:00:1f.3:0] val=0x02335180
 alsa-source-ALC-4887    [004] ....  2183.967215: hda_get_response: [0000:00:1f.3:0] val=0x00000000
 alsa-source-ALC-4887    [004] ....  2183.967232: hda_send_cmd: [0000:00:1f.3:0] val=0x02336500
 alsa-source-ALC-4887    [004] ....  2183.967335: hda_get_response: [0000:00:1f.3:0] val=0x00000000
 alsa-source-ALC-4887    [004] ....  2183.967348: hda_send_cmd: [0000:00:1f.3:0] val=0x02335500
 alsa-source-ALC-4887    [004] ....  2183.967420: hda_get_response: [0000:00:1f.3:0] val=0x00000000
 alsa-source-ALC-4887    [004] ....  2183.967440: hda_send_cmd: [0000:00:1f.3:0] val=0x021707c0
 alsa-source-ALC-4887    [004] ....  2183.967509: hda_get_response: [0000:00:1f.3:0] val=0x00000000
 alsa-source-ALC-4887    [004] ....  2183.967520: hda_send_cmd: [0000:00:1f.3:0] val=0x01470740
 alsa-source-ALC-4887    [004] ....  2183.967588: hda_get_response: [0000:00:1f.3:0] val=0x00000000
          <idle>-0       [004] d.h.  2185.873730: hda_unsol_event: [0000:00:1f.3:0] res=0x04000008, res_ex=0x00000010
     kworker/4:1-134     [004] ....  2185.873802: hda_send_cmd: [0000:00:1f.3:0] val=0x021f0900
     kworker/4:1-134     [004] ....  2185.873852: hda_get_response: [0000:00:1f.3:0] val=0x80000000
     kworker/4:1-134     [004] ....  2185.873856: hda_send_cmd: [0000:00:1f.3:0] val=0x0205001b
     kworker/4:1-134     [004] ....  2185.873927: hda_get_response: [0000:00:1f.3:0] val=0x00000000
     kworker/4:1-134     [004] ....  2185.873928: hda_send_cmd: [0000:00:1f.3:0] val=0x02040e4b
     kworker/4:1-134     [004] ....  2185.873996: hda_get_response: [0000:00:1f.3:0] val=0x00000000
     kworker/4:1-134     [004] ....  2185.874003: hda_send_cmd: [0000:00:1f.3:0] val=0x02050045
     kworker/4:1-134     [004] ....  2185.874070: hda_get_response: [0000:00:1f.3:0] val=0x00000000
     kworker/4:1-134     [004] ....  2185.874071: hda_send_cmd: [0000:00:1f.3:0] val=0x0204c089
     kworker/4:1-134     [004] ....  2185.874143: hda_get_response: [0000:00:1f.3:0] val=0x00000000
     kworker/4:1-134     [004] ....  2185.934270: hda_send_cmd: [0000:00:1f.3:0] val=0x02050045
     kworker/4:1-134     [004] ....  2185.934428: hda_get_response: [0000:00:1f.3:0] val=0x00000000
     kworker/4:1-134     [004] ....  2185.934445: hda_send_cmd: [0000:00:1f.3:0] val=0x0204c489
     kworker/4:1-134     [004] ....  2185.934583: hda_get_response: [0000:00:1f.3:0] val=0x00000000
     kworker/4:1-134     [004] ....  2185.934597: hda_send_cmd: [0000:00:1f.3:0] val=0x05750003
     kworker/4:1-134     [004] ....  2185.934734: hda_get_response: [0000:00:1f.3:0] val=0x00000000
     kworker/4:1-134     [004] ....  2185.934749: hda_send_cmd: [0000:00:1f.3:0] val=0x05740da3
     kworker/4:1-134     [004] ....  2185.934884: hda_get_response: [0000:00:1f.3:0] val=0x00000000
     kworker/4:1-134     [004] ....  2185.934898: hda_send_cmd: [0000:00:1f.3:0] val=0x02050049
     kworker/4:1-134     [004] ....  2185.935018: hda_get_response: [0000:00:1f.3:0] val=0x00000000
     kworker/4:1-134     [004] ....  2185.935032: hda_send_cmd: [0000:00:1f.3:0] val=0x02040049
     kworker/4:1-134     [004] ....  2185.935158: hda_get_response: [0000:00:1f.3:0] val=0x00000000
     kworker/4:1-134     [004] ....  2185.935172: hda_send_cmd: [0000:00:1f.3:0] val=0x05750005
     kworker/4:1-134     [004] ....  2185.935240: hda_get_response: [0000:00:1f.3:0] val=0x00000000
     kworker/4:1-134     [004] ....  2185.935245: hda_send_cmd: [0000:00:1f.3:0] val=0x057c0000
     kworker/4:1-134     [004] ....  2185.935312: hda_get_response: [0000:00:1f.3:0] val=0x00003680
     kworker/4:1-134     [004] ....  2185.935318: hda_send_cmd: [0000:00:1f.3:0] val=0x05750005
     kworker/4:1-134     [004] ....  2185.935382: hda_get_response: [0000:00:1f.3:0] val=0x00000000
     kworker/4:1-134     [004] ....  2185.935384: hda_send_cmd: [0000:00:1f.3:0] val=0x05743680
     kworker/4:1-134     [004] ....  2185.935439: hda_get_response: [0000:00:1f.3:0] val=0x00000000
     kworker/4:1-134     [004] ....  2185.935443: hda_send_cmd: [0000:00:1f.3:0] val=0x02050006
     kworker/4:1-134     [004] ....  2185.935502: hda_get_response: [0000:00:1f.3:0] val=0x00000000
     kworker/4:1-134     [004] ....  2185.935508: hda_send_cmd: [0000:00:1f.3:0] val=0x02046100
     kworker/4:1-134     [004] ....  2185.935569: hda_get_response: [0000:00:1f.3:0] val=0x00000000
     kworker/4:1-134     [004] ....  2185.935581: hda_send_cmd: [0000:00:1f.3:0] val=0x021707c0
     kworker/4:1-134     [004] ....  2185.935651: hda_get_response: [0000:00:1f.3:0] val=0x00000000
     kworker/4:1-134     [004] ....  2185.935659: hda_send_cmd: [0000:00:1f.3:0] val=0x01a70720
     kworker/4:1-134     [004] ....  2185.935708: hda_get_response: [0000:00:1f.3:0] val=0x00000000
     kworker/4:1-134     [004] ....  2185.935714: hda_send_cmd: [0000:00:1f.3:0] val=0x021707c0
     kworker/4:1-134     [004] ....  2185.935776: hda_get_response: [0000:00:1f.3:0] val=0x00000000
     kworker/4:1-134     [004] ....  2185.935783: hda_send_cmd: [0000:00:1f.3:0] val=0x01470700
     kworker/4:1-134     [004] ....  2185.935839: hda_get_response: [0000:00:1f.3:0] val=0x00000000
 alsa-sink-ALC32-4886    [000] ....  2185.936082: hda_send_cmd: [0000:00:1f.3:0] val=0x0143a080
 alsa-sink-ALC32-4886    [000] ....  2185.936158: hda_get_response: [0000:00:1f.3:0] val=0x00000000
 alsa-sink-ALC32-4886    [000] ....  2185.936190: hda_send_cmd: [0000:00:1f.3:0] val=0x01439080
 alsa-sink-ALC32-4886    [000] ....  2185.936254: hda_get_response: [0000:00:1f.3:0] val=0x00000000
 alsa-sink-ALC32-4886    [000] ....  2185.936288: hda_send_cmd: [0000:00:1f.3:0] val=0x0023a000
 alsa-sink-ALC32-4886    [000] ....  2185.936358: hda_get_response: [0000:00:1f.3:0] val=0x00000000
 alsa-sink-ALC32-4886    [000] ....  2185.936385: hda_send_cmd: [0000:00:1f.3:0] val=0x00239000
 alsa-sink-ALC32-4886    [000] ....  2185.936461: hda_get_response: [0000:00:1f.3:0] val=0x00000000
 alsa-sink-ALC32-4886    [000] ....  2185.936497: hda_send_cmd: [0000:00:1f.3:0] val=0x0213a000
 alsa-sink-ALC32-4886    [000] ....  2185.936567: hda_get_response: [0000:00:1f.3:0] val=0x00000000
 alsa-sink-ALC32-4886    [000] ....  2185.936592: hda_send_cmd: [0000:00:1f.3:0] val=0x02139000
 alsa-sink-ALC32-4886    [000] ....  2185.936673: hda_get_response: [0000:00:1f.3:0] val=0x00000000
 alsa-sink-ALC32-4886    [000] ....  2185.936717: hda_send_cmd: [0000:00:1f.3:0] val=0x0033a03c
 alsa-sink-ALC32-4886    [000] ....  2185.936794: hda_get_response: [0000:00:1f.3:0] val=0x00000000
 alsa-sink-ALC32-4886    [000] ....  2185.936819: hda_send_cmd: [0000:00:1f.3:0] val=0x0033903c
 alsa-sink-ALC32-4886    [000] ....  2185.936898: hda_get_response: [0000:00:1f.3:0] val=0x00000000
          <idle>-0       [004] d.h.  2186.801536: hda_unsol_event: [0000:00:1f.3:0] res=0x04000000, res_ex=0x00000010
     kworker/4:1-134     [004] ....  2186.801571: hda_send_cmd: [0000:00:1f.3:0] val=0x021f0900
     kworker/4:1-134     [004] ....  2186.801631: hda_get_response: [0000:00:1f.3:0] val=0x00000000
     kworker/4:1-134     [004] ....  2186.801637: hda_send_cmd: [0000:00:1f.3:0] val=0x0205001b
     kworker/4:1-134     [004] ....  2186.801706: hda_get_response: [0000:00:1f.3:0] val=0x00000000
     kworker/4:1-134     [004] ....  2186.801713: hda_send_cmd: [0000:00:1f.3:0] val=0x02040c4b
     kworker/4:1-134     [004] ....  2186.801777: hda_get_response: [0000:00:1f.3:0] val=0x00000000
     kworker/4:1-134     [004] ....  2186.801782: hda_send_cmd: [0000:00:1f.3:0] val=0x02050045
     kworker/4:1-134     [004] ....  2186.801859: hda_get_response: [0000:00:1f.3:0] val=0x00000000
     kworker/4:1-134     [004] ....  2186.801864: hda_send_cmd: [0000:00:1f.3:0] val=0x0204d089
     kworker/4:1-134     [004] ....  2186.801918: hda_get_response: [0000:00:1f.3:0] val=0x00000000
     kworker/4:1-134     [004] ....  2186.801924: hda_send_cmd: [0000:00:1f.3:0] val=0x02050006
     kworker/4:1-134     [004] ....  2186.801984: hda_get_response: [0000:00:1f.3:0] val=0x00000000
     kworker/4:1-134     [004] ....  2186.801989: hda_send_cmd: [0000:00:1f.3:0] val=0x02046104
     kworker/4:1-134     [004] ....  2186.802046: hda_get_response: [0000:00:1f.3:0] val=0x00000000
     kworker/4:1-134     [004] ....  2186.802051: hda_send_cmd: [0000:00:1f.3:0] val=0x05750003
     kworker/4:1-134     [004] ....  2186.802111: hda_get_response: [0000:00:1f.3:0] val=0x00000000
     kworker/4:1-134     [004] ....  2186.802116: hda_send_cmd: [0000:00:1f.3:0] val=0x057409a3
     kworker/4:1-134     [004] ....  2186.802181: hda_get_response: [0000:00:1f.3:0] val=0x00000000
     kworker/4:1-134     [004] ....  2186.802338: hda_send_cmd: [0000:00:1f.3:0] val=0x05750005
     kworker/4:1-134     [004] ....  2186.802405: hda_get_response: [0000:00:1f.3:0] val=0x00000000
     kworker/4:1-134     [004] ....  2186.802411: hda_send_cmd: [0000:00:1f.3:0] val=0x057c0000
     kworker/4:1-134     [004] ....  2186.802478: hda_get_response: [0000:00:1f.3:0] val=0x00003680
     kworker/4:1-134     [004] ....  2186.802483: hda_send_cmd: [0000:00:1f.3:0] val=0x05750005
     kworker/4:1-134     [004] ....  2186.802543: hda_get_response: [0000:00:1f.3:0] val=0x00000000
     kworker/4:1-134     [004] ....  2186.802549: hda_send_cmd: [0000:00:1f.3:0] val=0x05743680
     kworker/4:1-134     [004] ....  2186.802603: hda_get_response: [0000:00:1f.3:0] val=0x00000000
     kworker/4:1-134     [004] ....  2186.802614: hda_send_cmd: [0000:00:1f.3:0] val=0x021707c0
     kworker/4:1-134     [004] ....  2186.802665: hda_get_response: [0000:00:1f.3:0] val=0x00000000
     kworker/4:1-134     [004] ....  2186.802673: hda_send_cmd: [0000:00:1f.3:0] val=0x01a70720
     kworker/4:1-134     [004] ....  2186.802734: hda_get_response: [0000:00:1f.3:0] val=0x00000000
     kworker/4:1-134     [004] ....  2186.802740: hda_send_cmd: [0000:00:1f.3:0] val=0x021707c0
     kworker/4:1-134     [004] ....  2186.802809: hda_get_response: [0000:00:1f.3:0] val=0x00000000
     kworker/4:1-134     [004] ....  2186.802816: hda_send_cmd: [0000:00:1f.3:0] val=0x01470740
     kworker/4:1-134     [004] ....  2186.802876: hda_get_response: [0000:00:1f.3:0] val=0x00000000
 alsa-sink-ALC32-4886    [000] ....  2186.803104: hda_send_cmd: [0000:00:1f.3:0] val=0x0213a080
 alsa-sink-ALC32-4886    [000] ....  2186.803167: hda_get_response: [0000:00:1f.3:0] val=0x00000000
 alsa-sink-ALC32-4886    [000] ....  2186.803195: hda_send_cmd: [0000:00:1f.3:0] val=0x02139080
 alsa-sink-ALC32-4886    [000] ....  2186.803256: hda_get_response: [0000:00:1f.3:0] val=0x00000000
 alsa-sink-ALC32-4886    [000] ....  2186.803279: hda_send_cmd: [0000:00:1f.3:0] val=0x0033a000
 alsa-sink-ALC32-4886    [000] ....  2186.803357: hda_get_response: [0000:00:1f.3:0] val=0x00000000
 alsa-sink-ALC32-4886    [000] ....  2186.803382: hda_send_cmd: [0000:00:1f.3:0] val=0x00339000
 alsa-sink-ALC32-4886    [000] ....  2186.803443: hda_get_response: [0000:00:1f.3:0] val=0x00000000
 alsa-sink-ALC32-4886    [000] ....  2186.803476: hda_send_cmd: [0000:00:1f.3:0] val=0x0143a000
 alsa-sink-ALC32-4886    [000] ....  2186.803543: hda_get_response: [0000:00:1f.3:0] val=0x00000000
 alsa-sink-ALC32-4886    [000] ....  2186.803564: hda_send_cmd: [0000:00:1f.3:0] val=0x01439000
 alsa-sink-ALC32-4886    [000] ....  2186.803629: hda_get_response: [0000:00:1f.3:0] val=0x00000000
 alsa-sink-ALC32-4886    [000] ....  2186.803668: hda_send_cmd: [0000:00:1f.3:0] val=0x0023a03c
 alsa-sink-ALC32-4886    [000] ....  2186.803731: hda_get_response: [0000:00:1f.3:0] val=0x00000000
 alsa-sink-ALC32-4886    [000] ....  2186.803755: hda_send_cmd: [0000:00:1f.3:0] val=0x0023903c
 alsa-sink-ALC32-4886    [000] ....  2186.803817: hda_get_response: [0000:00:1f.3:0] val=0x00000000
          <idle>-0       [004] d.h.  2207.217529: hda_unsol_event: [0000:00:1f.3:0] res=0x04000008, res_ex=0x00000010
     kworker/4:1-134     [004] ....  2207.217587: hda_send_cmd: [0000:00:1f.3:0] val=0x021f0900
     kworker/4:1-134     [004] ....  2207.217675: hda_get_response: [0000:00:1f.3:0] val=0x80000000
     kworker/4:1-134     [004] ....  2207.217681: hda_send_cmd: [0000:00:1f.3:0] val=0x0205001b
     kworker/4:1-134     [004] ....  2207.217951: hda_get_response: [0000:00:1f.3:0] val=0x00000000
     kworker/4:1-134     [004] ....  2207.217967: hda_send_cmd: [0000:00:1f.3:0] val=0x02040e4b
     kworker/4:1-134     [004] ....  2207.218115: hda_get_response: [0000:00:1f.3:0] val=0x00000000
     kworker/4:1-134     [004] ....  2207.218129: hda_send_cmd: [0000:00:1f.3:0] val=0x02050045
     kworker/4:1-134     [004] ....  2207.218198: hda_get_response: [0000:00:1f.3:0] val=0x00000000
     kworker/4:1-134     [004] ....  2207.218207: hda_send_cmd: [0000:00:1f.3:0] val=0x0204c089
     kworker/4:1-134     [004] ....  2207.218332: hda_get_response: [0000:00:1f.3:0] val=0x00000000
     kworker/4:1-134     [004] ....  2207.281738: hda_send_cmd: [0000:00:1f.3:0] val=0x02050045
     kworker/4:1-134     [004] ....  2207.281901: hda_get_response: [0000:00:1f.3:0] val=0x00000000
     kworker/4:1-134     [004] ....  2207.281913: hda_send_cmd: [0000:00:1f.3:0] val=0x0204c489
     kworker/4:1-134     [004] ....  2207.282074: hda_get_response: [0000:00:1f.3:0] val=0x00000000
     kworker/4:1-134     [004] ....  2207.282089: hda_send_cmd: [0000:00:1f.3:0] val=0x05750003
     kworker/4:1-134     [004] ....  2207.282243: hda_get_response: [0000:00:1f.3:0] val=0x00000000
     kworker/4:1-134     [004] ....  2207.282259: hda_send_cmd: [0000:00:1f.3:0] val=0x05740da3
     kworker/4:1-134     [004] ....  2207.282404: hda_get_response: [0000:00:1f.3:0] val=0x00000000
     kworker/4:1-134     [004] ....  2207.282420: hda_send_cmd: [0000:00:1f.3:0] val=0x02050049
     kworker/4:1-134     [004] ....  2207.282543: hda_get_response: [0000:00:1f.3:0] val=0x00000000
     kworker/4:1-134     [004] ....  2207.282567: hda_send_cmd: [0000:00:1f.3:0] val=0x02040049
     kworker/4:1-134     [004] ....  2207.282702: hda_get_response: [0000:00:1f.3:0] val=0x00000000
     kworker/4:1-134     [004] ....  2207.282717: hda_send_cmd: [0000:00:1f.3:0] val=0x05750005
     kworker/4:1-134     [004] ....  2207.282778: hda_get_response: [0000:00:1f.3:0] val=0x00000000
     kworker/4:1-134     [004] ....  2207.282781: hda_send_cmd: [0000:00:1f.3:0] val=0x057c0000
     kworker/4:1-134     [004] ....  2207.282829: hda_get_response: [0000:00:1f.3:0] val=0x00003680
     kworker/4:1-134     [004] ....  2207.282837: hda_send_cmd: [0000:00:1f.3:0] val=0x05750005
     kworker/4:1-134     [004] ....  2207.282898: hda_get_response: [0000:00:1f.3:0] val=0x00000000
     kworker/4:1-134     [004] ....  2207.282902: hda_send_cmd: [0000:00:1f.3:0] val=0x05743680
     kworker/4:1-134     [004] ....  2207.282957: hda_get_response: [0000:00:1f.3:0] val=0x00000000
     kworker/4:1-134     [004] ....  2207.282959: hda_send_cmd: [0000:00:1f.3:0] val=0x02050006
     kworker/4:1-134     [004] ....  2207.283030: hda_get_response: [0000:00:1f.3:0] val=0x00000000
     kworker/4:1-134     [004] ....  2207.283036: hda_send_cmd: [0000:00:1f.3:0] val=0x02046100
     kworker/4:1-134     [004] ....  2207.283110: hda_get_response: [0000:00:1f.3:0] val=0x00000000
     kworker/4:1-134     [004] ....  2207.283122: hda_send_cmd: [0000:00:1f.3:0] val=0x021707c0
     kworker/4:1-134     [004] ....  2207.283187: hda_get_response: [0000:00:1f.3:0] val=0x00000000
     kworker/4:1-134     [004] ....  2207.283194: hda_send_cmd: [0000:00:1f.3:0] val=0x01a70720
     kworker/4:1-134     [004] ....  2207.283255: hda_get_response: [0000:00:1f.3:0] val=0x00000000
     kworker/4:1-134     [004] ....  2207.283263: hda_send_cmd: [0000:00:1f.3:0] val=0x021707c0
     kworker/4:1-134     [004] ....  2207.283317: hda_get_response: [0000:00:1f.3:0] val=0x00000000
     kworker/4:1-134     [004] ....  2207.283326: hda_send_cmd: [0000:00:1f.3:0] val=0x01470700
     kworker/4:1-134     [004] ....  2207.283375: hda_get_response: [0000:00:1f.3:0] val=0x00000000
 alsa-sink-ALC32-4886    [000] ....  2207.283631: hda_send_cmd: [0000:00:1f.3:0] val=0x0143a080
 alsa-sink-ALC32-4886    [000] ....  2207.283716: hda_get_response: [0000:00:1f.3:0] val=0x00000000
 alsa-sink-ALC32-4886    [000] ....  2207.283748: hda_send_cmd: [0000:00:1f.3:0] val=0x01439080
 alsa-sink-ALC32-4886    [000] ....  2207.283820: hda_get_response: [0000:00:1f.3:0] val=0x00000000
 alsa-sink-ALC32-4886    [000] ....  2207.283849: hda_send_cmd: [0000:00:1f.3:0] val=0x0023a000
 alsa-sink-ALC32-4886    [000] ....  2207.283929: hda_get_response: [0000:00:1f.3:0] val=0x00000000
 alsa-sink-ALC32-4886    [000] ....  2207.283959: hda_send_cmd: [0000:00:1f.3:0] val=0x00239000
 alsa-sink-ALC32-4886    [000] ....  2207.284028: hda_get_response: [0000:00:1f.3:0] val=0x00000000
 alsa-sink-ALC32-4886    [000] ....  2207.284067: hda_send_cmd: [0000:00:1f.3:0] val=0x0213a000
 alsa-sink-ALC32-4886    [000] ....  2207.284131: hda_get_response: [0000:00:1f.3:0] val=0x00000000
 alsa-sink-ALC32-4886    [000] ....  2207.284161: hda_send_cmd: [0000:00:1f.3:0] val=0x02139000
 alsa-sink-ALC32-4886    [000] ....  2207.284234: hda_get_response: [0000:00:1f.3:0] val=0x00000000
 alsa-sink-ALC32-4886    [000] ....  2207.284282: hda_send_cmd: [0000:00:1f.3:0] val=0x0033a03c
 alsa-sink-ALC32-4886    [000] ....  2207.284338: hda_get_response: [0000:00:1f.3:0] val=0x00000000
 alsa-sink-ALC32-4886    [000] ....  2207.284367: hda_send_cmd: [0000:00:1f.3:0] val=0x0033903c
 alsa-sink-ALC32-4886    [000] ....  2207.284441: hda_get_response: [0000:00:1f.3:0] val=0x00000000
          <idle>-0       [004] d.h.  2213.724431: hda_unsol_event: [0000:00:1f.3:0] res=0x04000000, res_ex=0x00000010
     kworker/4:1-134     [004] ....  2213.724493: hda_send_cmd: [0000:00:1f.3:0] val=0x021f0900
     kworker/4:1-134     [004] ....  2213.724565: hda_get_response: [0000:00:1f.3:0] val=0x00000000
     kworker/4:1-134     [004] ....  2213.724569: hda_send_cmd: [0000:00:1f.3:0] val=0x0205001b
     kworker/4:1-134     [004] ....  2213.724630: hda_get_response: [0000:00:1f.3:0] val=0x00000000
     kworker/4:1-134     [004] ....  2213.724632: hda_send_cmd: [0000:00:1f.3:0] val=0x02040c4b
     kworker/4:1-134     [004] ....  2213.724687: hda_get_response: [0000:00:1f.3:0] val=0x00000000
     kworker/4:1-134     [004] ....  2213.724695: hda_send_cmd: [0000:00:1f.3:0] val=0x02050045
     kworker/4:1-134     [004] ....  2213.724750: hda_get_response: [0000:00:1f.3:0] val=0x00000000
     kworker/4:1-134     [004] ....  2213.724757: hda_send_cmd: [0000:00:1f.3:0] val=0x0204d089
     kworker/4:1-134     [004] ....  2213.724821: hda_get_response: [0000:00:1f.3:0] val=0x00000000
     kworker/4:1-134     [004] ....  2213.724829: hda_send_cmd: [0000:00:1f.3:0] val=0x02050006
     kworker/4:1-134     [004] ....  2213.724900: hda_get_response: [0000:00:1f.3:0] val=0x00000000
     kworker/4:1-134     [004] ....  2213.724907: hda_send_cmd: [0000:00:1f.3:0] val=0x02046104
     kworker/4:1-134     [004] ....  2213.724985: hda_get_response: [0000:00:1f.3:0] val=0x00000000
     kworker/4:1-134     [004] ....  2213.724992: hda_send_cmd: [0000:00:1f.3:0] val=0x05750003
     kworker/4:1-134     [004] ....  2213.725063: hda_get_response: [0000:00:1f.3:0] val=0x00000000
     kworker/4:1-134     [004] ....  2213.725064: hda_send_cmd: [0000:00:1f.3:0] val=0x057409a3
     kworker/4:1-134     [004] ....  2213.725130: hda_get_response: [0000:00:1f.3:0] val=0x00000000
     kworker/4:1-134     [004] ....  2213.725134: hda_send_cmd: [0000:00:1f.3:0] val=0x05750005
     kworker/4:1-134     [004] ....  2213.725193: hda_get_response: [0000:00:1f.3:0] val=0x00000000
     kworker/4:1-134     [004] ....  2213.725202: hda_send_cmd: [0000:00:1f.3:0] val=0x057c0000
     kworker/4:1-134     [004] ....  2213.725250: hda_get_response: [0000:00:1f.3:0] val=0x00003680
     kworker/4:1-134     [004] ....  2213.725256: hda_send_cmd: [0000:00:1f.3:0] val=0x05750005
     kworker/4:1-134     [004] ....  2213.725318: hda_get_response: [0000:00:1f.3:0] val=0x00000000
     kworker/4:1-134     [004] ....  2213.725325: hda_send_cmd: [0000:00:1f.3:0] val=0x05743680
     kworker/4:1-134     [004] ....  2213.725399: hda_get_response: [0000:00:1f.3:0] val=0x00000000
     kworker/4:1-134     [004] ....  2213.725410: hda_send_cmd: [0000:00:1f.3:0] val=0x021707c0
     kworker/4:1-134     [004] ....  2213.725485: hda_get_response: [0000:00:1f.3:0] val=0x00000000
     kworker/4:1-134     [004] ....  2213.725497: hda_send_cmd: [0000:00:1f.3:0] val=0x01a70720
     kworker/4:1-134     [004] ....  2213.725568: hda_get_response: [0000:00:1f.3:0] val=0x00000000
     kworker/4:1-134     [004] ....  2213.725577: hda_send_cmd: [0000:00:1f.3:0] val=0x021707c0
     kworker/4:1-134     [004] ....  2213.725625: hda_get_response: [0000:00:1f.3:0] val=0x00000000
     kworker/4:1-134     [004] ....  2213.725634: hda_send_cmd: [0000:00:1f.3:0] val=0x01470740
     kworker/4:1-134     [004] ....  2213.725695: hda_get_response: [0000:00:1f.3:0] val=0x00000000
 alsa-sink-ALC32-4886    [000] ....  2213.725998: hda_send_cmd: [0000:00:1f.3:0] val=0x0213a080
 alsa-sink-ALC32-4886    [000] ....  2213.726072: hda_get_response: [0000:00:1f.3:0] val=0x00000000
 alsa-sink-ALC32-4886    [000] ....  2213.726102: hda_send_cmd: [0000:00:1f.3:0] val=0x02139080
 alsa-sink-ALC32-4886    [000] ....  2213.726173: hda_get_response: [0000:00:1f.3:0] val=0x00000000
 alsa-sink-ALC32-4886    [000] ....  2213.726199: hda_send_cmd: [0000:00:1f.3:0] val=0x0033a000
 alsa-sink-ALC32-4886    [000] ....  2213.726277: hda_get_response: [0000:00:1f.3:0] val=0x00000000
 alsa-sink-ALC32-4886    [000] ....  2213.726304: hda_send_cmd: [0000:00:1f.3:0] val=0x00339000
 alsa-sink-ALC32-4886    [000] ....  2213.726378: hda_get_response: [0000:00:1f.3:0] val=0x00000000
 alsa-sink-ALC32-4886    [000] ....  2213.726414: hda_send_cmd: [0000:00:1f.3:0] val=0x0143a000
 alsa-sink-ALC32-4886    [000] ....  2213.726485: hda_get_response: [0000:00:1f.3:0] val=0x00000000
 alsa-sink-ALC32-4886    [000] ....  2213.726512: hda_send_cmd: [0000:00:1f.3:0] val=0x01439000
 alsa-sink-ALC32-4886    [000] ....  2213.726590: hda_get_response: [0000:00:1f.3:0] val=0x00000000
 alsa-sink-ALC32-4886    [000] ....  2213.726632: hda_send_cmd: [0000:00:1f.3:0] val=0x0023a03c
 alsa-sink-ALC32-4886    [000] ....  2213.726690: hda_get_response: [0000:00:1f.3:0] val=0x00000000
 alsa-sink-ALC32-4886    [000] ....  2213.726714: hda_send_cmd: [0000:00:1f.3:0] val=0x0023903c
 alsa-sink-ALC32-4886    [000] ....  2213.726771: hda_get_response: [0000:00:1f.3:0] val=0x00000000
